<?xml version="1.0" encoding="UTF-8"?>
<!-- Generated by org.testng.reporters.JUnitReportReporter -->
<testsuite skipped="0" hostname="DESKTOP-AQOISD1" name="com.skava.testcases.LT_730_SaveForLaterValidation" tests="1" failures="0" timestamp="28 Mar 2018 08:07:08 GMT" time="83.119" errors="0">
  <testcase name="LT_730_SaveForLaterValidation" time="83.119" classname="com.skava.testcases.LT_730_SaveForLaterValidation"/>
</testsuite> <!-- com.skava.testcases.LT_730_SaveForLaterValidation -->
