<?xml version="1.0" encoding="UTF-8"?>
<!-- Generated by org.testng.reporters.JUnitReportReporter -->
<testsuite skipped="0" hostname="SK-SYS-332" name="com.skava.testcases.TC1_Test" tests="1" failures="0" timestamp="06 Nov 2017 06:46:31 GMT" time="11.179" errors="0">
  <testcase name="TC1" time="11.179" classname="com.skava.testcases.TC1_Test"/>
</testsuite> <!-- com.skava.testcases.TC1_Test -->
