<?xml version="1.0" encoding="UTF-8"?>
<!-- Generated by org.testng.reporters.JUnitReportReporter -->
<testsuite skipped="0" hostname="DESKTOP-AQOISD1" name="com.skava.testcases.LT_464_BagCount_Check" tests="1" failures="0" timestamp="28 Mar 2018 08:07:08 GMT" time="21.039" errors="0">
  <testcase name="LT_464_Bag_Count_Check" time="21.039" classname="com.skava.testcases.LT_464_BagCount_Check"/>
</testsuite> <!-- com.skava.testcases.LT_464_BagCount_Check -->
