<?xml version="1.0" encoding="UTF-8"?>
<!-- Generated by org.testng.reporters.JUnitReportReporter -->
<testsuite skipped="0" hostname="DESKTOP-AQOISD1" name="com.skava.testcases.LT_425_PDP_Qty_Decrement" tests="1" failures="0" timestamp="28 Mar 2018 08:07:07 GMT" time="17.518" errors="0">
  <testcase name="LT_425_PDP_Qty_Decrement" time="17.518" classname="com.skava.testcases.LT_425_PDP_Qty_Decrement"/>
</testsuite> <!-- com.skava.testcases.LT_425_PDP_Qty_Decrement -->
