<?xml version="1.0" encoding="UTF-8"?>
<!-- Generated by org.testng.reporters.JUnitReportReporter -->
<testsuite skipped="0" hostname="SKVCBE000049D" name="com.skava.testcases.LT_370_Close_Refine_Validation" tests="1" failures="0" timestamp="15 Mar 2018 13:08:27 GMT" time="15.901" errors="0">
  <testcase name="LT_370_Close_Refine_Validation" time="15.901" classname="com.skava.testcases.LT_370_Close_Refine_Validation"/>
</testsuite> <!-- com.skava.testcases.LT_370_Close_Refine_Validation -->
