<?xml version="1.0" encoding="UTF-8"?>
<!-- Generated by org.testng.reporters.JUnitReportReporter -->
<testsuite skipped="0" hostname="DESKTOP-AQOISD1" name="com.skava.testcases.LT_711_Cart_Price_and_Discount_Validation" tests="1" failures="0" timestamp="28 Mar 2018 08:07:07 GMT" time="59.729" errors="0">
  <testcase name="LT_711_Cart_Price_and_Discount_Validation" time="59.729" classname="com.skava.testcases.LT_711_Cart_Price_and_Discount_Validation"/>
</testsuite> <!-- com.skava.testcases.LT_711_Cart_Price_and_Discount_Validation -->
