<?xml version="1.0" encoding="UTF-8"?>
<!-- Generated by org.testng.reporters.JUnitReportReporter -->
<testsuite skipped="0" hostname="sk-sys-244" name="com.skava.testcases.TC00" tests="1" failures="0" timestamp="11 Oct 2017 16:15:22 GMT" time="11.953" errors="0">
  <testcase name="Test" time="11.953" classname="com.skava.testcases.TC00"/>
</testsuite> <!-- com.skava.testcases.TC00 -->
