<?xml version="1.0" encoding="UTF-8"?>
<!-- Generated by org.testng.reporters.JUnitReportReporter -->
<testsuite skipped="1" hostname="sk-lap-280" name="com.skava.testcases.TC3_Test" tests="1" failures="0" timestamp="23 Oct 2017 01:18:38 GMT" time="0.004" errors="0">
  <testcase name="TC3" time="0.004" classname="com.skava.testcases.TC3_Test">
    <skipped/>
  </testcase> <!-- TC3 -->
</testsuite> <!-- com.skava.testcases.TC3_Test -->
