<?xml version="1.0" encoding="UTF-8"?>
<!-- Generated by org.testng.reporters.JUnitReportReporter -->
<testsuite skipped="1" hostname="sk-lap-280" name="com.skava.testcases.TC5_Test" tests="1" failures="0" timestamp="22 Oct 2017 22:47:09 GMT" time="0.016" errors="0">
  <testcase name="TC5" time="0.016" classname="com.skava.testcases.TC5_Test">
    <skipped/>
  </testcase> <!-- TC5 -->
</testsuite> <!-- com.skava.testcases.TC5_Test -->
