<?xml version="1.0" encoding="UTF-8"?>
<!-- Generated by org.testng.reporters.JUnitReportReporter -->
<testsuite skipped="0" hostname="DESKTOP-AQOISD1" name="com.skava.testcases.LT_383_Sort_ApplyFilter" tests="1" failures="0" timestamp="28 Mar 2018 08:07:07 GMT" time="36.420" errors="0">
  <testcase name="LT_383_Sort_ApplyFilter" time="36.420" classname="com.skava.testcases.LT_383_Sort_ApplyFilter"/>
</testsuite> <!-- com.skava.testcases.LT_383_Sort_ApplyFilter -->
