<?xml version="1.0" encoding="UTF-8"?>
<!-- Generated by org.testng.reporters.JUnitReportReporter -->
<testsuite skipped="0" hostname="DESKTOP-AQOISD1" name="com.skava.testcases.LT_776_Product_Remove_Validation" tests="1" failures="0" timestamp="28 Mar 2018 08:07:07 GMT" time="52.606" errors="0">
  <testcase name="LT_776_Product_Remove_Validation" time="52.606" classname="com.skava.testcases.LT_776_Product_Remove_Validation"/>
</testsuite> <!-- com.skava.testcases.LT_776_Product_Remove_Validation -->
