<?xml version="1.0" encoding="UTF-8"?>
<!-- Generated by org.testng.reporters.JUnitReportReporter -->
<testsuite skipped="0" hostname="DESKTOP-AQOISD1" name="com.skava.testcases.LT_449_Add_To_Bag_Overlay_Validation" tests="1" failures="0" timestamp="28 Mar 2018 08:07:07 GMT" time="21.564" errors="0">
  <testcase name="LT_449_Add_To_Bag_Overlay_Validation" time="21.564" classname="com.skava.testcases.LT_449_Add_To_Bag_Overlay_Validation"/>
</testsuite> <!-- com.skava.testcases.LT_449_Add_To_Bag_Overlay_Validation -->
