<?xml version="1.0" encoding="UTF-8"?>
<!-- Generated by org.testng.reporters.JUnitReportReporter -->
<testsuite skipped="0" hostname="DESKTOP-AQOISD1" name="com.skava.testcases.LT_1083_Payment_Page_Guest_Validation" tests="1" failures="0" timestamp="28 Mar 2018 08:07:07 GMT" time="86.099" errors="0">
  <testcase name="LT_1083_Payment_Page_Guest_Validation" time="86.099" classname="com.skava.testcases.LT_1083_Payment_Page_Guest_Validation"/>
</testsuite> <!-- com.skava.testcases.LT_1083_Payment_Page_Guest_Validation -->
