<?xml version="1.0" encoding="UTF-8"?>
<!-- Generated by org.testng.reporters.JUnitReportReporter -->
<testsuite skipped="0" hostname="DESKTOP-AQOISD1" name="com.skava.testcases.LT_1030_Returning_Customer_GuestCheckout_Validation" tests="1" failures="0" timestamp="28 Mar 2018 08:07:07 GMT" time="57.107" errors="0">
  <testcase name="LT_1030_Returning_Customer_GuestCheckout_Validation" time="57.107" classname="com.skava.testcases.LT_1030_Returning_Customer_GuestCheckout_Validation"/>
</testsuite> <!-- com.skava.testcases.LT_1030_Returning_Customer_GuestCheckout_Validation -->
