<?xml version="1.0" encoding="UTF-8"?>
<!-- Generated by org.testng.reporters.JUnitReportReporter -->
<testsuite skipped="0" hostname="sk-lap-280" name="com.skava.testcases.TC3_SearchAsGuestUser" tests="1" failures="0" timestamp="09 Oct 2017 11:44:23 GMT" time="0.951" errors="0">
  <testcase name="test" time="0.951" classname="com.skava.testcases.TC3_SearchAsGuestUser"/>
</testsuite> <!-- com.skava.testcases.TC3_SearchAsGuestUser -->
