<?xml version="1.0" encoding="UTF-8"?>
<!-- Generated by org.testng.reporters.JUnitReportReporter -->
<testsuite skipped="0" hostname="DESKTOP-AQOISD1" name="com.skava.testcases.LT_2484_RR_Homepage" tests="1" failures="0" timestamp="28 Mar 2018 08:07:07 GMT" time="13.866" errors="0">
  <testcase name="LT_2484_RR_Homepage" time="13.866" classname="com.skava.testcases.LT_2484_RR_Homepage"/>
</testsuite> <!-- com.skava.testcases.LT_2484_RR_Homepage -->
