<?xml version="1.0" encoding="UTF-8"?>
<!-- Generated by org.testng.reporters.JUnitReportReporter -->
<testsuite skipped="0" hostname="DESKTOP-AQOISD1" name="com.skava.testcases.LT_766_Cart_PriceCheck" tests="1" failures="0" timestamp="28 Mar 2018 08:07:07 GMT" time="135.971" errors="0">
  <testcase name="LT_766_Cart_Price_Check" time="135.971" classname="com.skava.testcases.LT_766_Cart_PriceCheck"/>
</testsuite> <!-- com.skava.testcases.LT_766_Cart_PriceCheck -->
