<?xml version="1.0" encoding="UTF-8"?>
<!-- Generated by org.testng.reporters.JUnitReportReporter -->
<testsuite skipped="0" hostname="sk-sys-244" name="com.skava.testcases.TC01_Seaarch_As_Signed_In_User" tests="1" failures="0" timestamp="11 Oct 2017 17:49:24 GMT" time="16.195" errors="0">
  <testcase name="Test" time="16.195" classname="com.skava.testcases.TC01_Seaarch_As_Signed_In_User"/>
</testsuite> <!-- com.skava.testcases.TC01_Seaarch_As_Signed_In_User -->
