<?xml version="1.0" encoding="UTF-8"?>
<!-- Generated by org.testng.reporters.JUnitReportReporter -->
<testsuite skipped="0" hostname="DESKTOP-AQOISD1" name="com.skava.testcases.LT_377_SortSelectOneFilter" tests="1" failures="0" timestamp="28 Mar 2018 08:07:07 GMT" time="15.362" errors="0">
  <testcase name="LT_377_Sort_Select_One_Filter" time="15.362" classname="com.skava.testcases.LT_377_SortSelectOneFilter"/>
</testsuite> <!-- com.skava.testcases.LT_377_SortSelectOneFilter -->
