<?xml version="1.0" encoding="UTF-8"?>
<!-- Generated by org.testng.reporters.JUnitReportReporter -->
<testsuite skipped="0" hostname="DESKTOP-AQOISD1" name="com.skava.testcases.LT_1081_GuestCheckout_AddShipping" tests="1" failures="0" timestamp="28 Mar 2018 08:07:07 GMT" time="95.204" errors="0">
  <testcase name="LT_1081_GuestCheckout_Add_Shipping" time="95.204" classname="com.skava.testcases.LT_1081_GuestCheckout_AddShipping"/>
</testsuite> <!-- com.skava.testcases.LT_1081_GuestCheckout_AddShipping -->
