<?xml version="1.0" encoding="UTF-8"?>
<!-- Generated by org.testng.reporters.JUnitReportReporter -->
<testsuite skipped="0" hostname="DESKTOP-AQOISD1" name="com.skava.testcases.LT_939_Search_Suggestion_Selection" tests="1" failures="0" timestamp="28 Mar 2018 08:07:07 GMT" time="35.095" errors="0">
  <testcase name="LT_939_Search_Suggestion_Selection" time="35.095" classname="com.skava.testcases.LT_939_Search_Suggestion_Selection"/>
</testsuite> <!-- com.skava.testcases.LT_939_Search_Suggestion_Selection -->
