<?xml version="1.0" encoding="UTF-8"?>
<!-- Generated by org.testng.reporters.JUnitReportReporter -->
<testsuite skipped="0" hostname="DESKTOP-AQOISD1" name="com.skava.testcases.LT_773_Cart_Edit_Product_Validation" tests="1" failures="0" timestamp="28 Mar 2018 08:07:07 GMT" time="54.744" errors="0">
  <testcase name="LT_773_Cart_Edit_Product_Validation" time="54.744" classname="com.skava.testcases.LT_773_Cart_Edit_Product_Validation"/>
</testsuite> <!-- com.skava.testcases.LT_773_Cart_Edit_Product_Validation -->
