<?xml version="1.0" encoding="UTF-8"?>
<!-- Generated by org.testng.reporters.JUnitReportReporter -->
<testsuite skipped="0" hostname="DESKTOP-AQOISD1" name="com.skava.testcases.LT_424_PDP_Qty_Increment" tests="1" failures="0" timestamp="28 Mar 2018 08:07:07 GMT" time="30.705" errors="0">
  <testcase name="LT_424_PDP_Qty_Increment" time="30.705" classname="com.skava.testcases.LT_424_PDP_Qty_Increment"/>
</testsuite> <!-- com.skava.testcases.LT_424_PDP_Qty_Increment -->
