<?xml version="1.0" encoding="UTF-8"?>
<!-- Generated by org.testng.reporters.JUnitReportReporter -->
<testsuite skipped="0" hostname="SKVCBE000049D" name="com.skava.testcases.LT_701_Cart_Shipping_Method_Validation" tests="1" failures="0" timestamp="13 Mar 2018 14:46:57 GMT" time="61.119" errors="0">
  <testcase name="LT_711_Cart_Price_and_Discount_Validation" time="61.119" classname="com.skava.testcases.LT_701_Cart_Shipping_Method_Validation"/>
</testsuite> <!-- com.skava.testcases.LT_701_Cart_Shipping_Method_Validation -->
