<?xml version="1.0" encoding="UTF-8"?>
<!-- Generated by org.testng.reporters.JUnitReportReporter -->
<testsuite skipped="0" hostname="DESKTOP-AQOISD1" name="com.skava.testcases.LT_330_Back_To_Top_PLP_Validation" tests="1" failures="0" timestamp="28 Mar 2018 08:07:07 GMT" time="14.365" errors="0">
  <testcase name="LT_330_Back_To_Top_PLP_Validation" time="14.365" classname="com.skava.testcases.LT_330_Back_To_Top_PLP_Validation"/>
</testsuite> <!-- com.skava.testcases.LT_330_Back_To_Top_PLP_Validation -->
