<?xml version="1.0" encoding="UTF-8"?>
<!-- Generated by org.testng.reporters.JUnitReportReporter -->
<testsuite skipped="0" hostname="DESKTOP-AQOISD1" name="com.skava.testcases.LT_336_BreadCrumb_Validation" tests="1" failures="0" timestamp="28 Mar 2018 08:07:07 GMT" time="29.334" errors="0">
  <testcase name="LT_336_BreadCrumb_Validation" time="29.334" classname="com.skava.testcases.LT_336_BreadCrumb_Validation"/>
</testsuite> <!-- com.skava.testcases.LT_336_BreadCrumb_Validation -->
