<?xml version="1.0" encoding="UTF-8"?>
<!-- Generated by org.testng.reporters.JUnitReportReporter -->
<testsuite skipped="0" hostname="sk-lap-229" name="com.skava.testcases.TC_01_SeaarchProductAsGuest" tests="1" failures="0" timestamp="11 Oct 2017 04:40:26 GMT" time="38.391" errors="0">
  <testcase name="searchProductAsGest" time="38.391" classname="com.skava.testcases.TC_01_SeaarchProductAsGuest"/>
</testsuite> <!-- com.skava.testcases.TC_01_SeaarchProductAsGuest -->
