<?xml version="1.0" encoding="UTF-8"?>
<!-- Generated by org.testng.reporters.JUnitReportReporter -->
<testsuite skipped="0" hostname="SK-LAP-270" name="com.skava.testcases.Toms_TC2_LoginWithValidCredentials" tests="1" failures="0" timestamp="12 Oct 2017 05:56:08 GMT" time="22.896" errors="0">
  <testcase name="loginValidUser" time="22.896" classname="com.skava.testcases.Toms_TC2_LoginWithValidCredentials"/>
</testsuite> <!-- com.skava.testcases.Toms_TC2_LoginWithValidCredentials -->
