<?xml version="1.0" encoding="UTF-8"?>
<!-- Generated by org.testng.reporters.JUnitReportReporter -->
<testsuite skipped="0" hostname="DESKTOP-AQOISD1" name="com.skava.testcases.LT_2490_RR_PDP" tests="1" failures="0" timestamp="28 Mar 2018 08:07:07 GMT" time="16.980" errors="0">
  <testcase name="LT_2513_RR_PDP" time="16.980" classname="com.skava.testcases.LT_2490_RR_PDP"/>
</testsuite> <!-- com.skava.testcases.LT_2490_RR_PDP -->
